app/build/outputs/logs/manifest-merger-debug-report.txt
-- Merging decision tree log ---
manifest
ADDED from src\main\AndroidManifest.xml:2:1-569:12
INJECTED from src\main\AndroidManifest.xml:2:1-569:12
INJECTED from src\main\AndroidManifest.xml:2:1-569:12
INJECTED from src\main\AndroidManifest.xml:2:1-569:12
MERGED from [com.android.support:support-v4:28.0.0] AndroidManifest.xml:17:1-22:12
MERGED from [com.android.support:support-media-compat:28.0.0] AndroidManifest.xml:17:1-22:12
MERGED from [com.android.support:support-fragment:28.0.0] AndroidManifest.xml:17:1-22:12
MERGED from [com.android.support:support-core-ui:28.0.0] AndroidManifest.xml:17:1-22:12
MERGED from [com.android.support:support-core-utils:28.0.0] AndroidManifest.xml:17:1-22:12
MERGED from [com.android.support:loader:28.0.0] AndroidManifest.xml:17:1-22:12
MERGED from [com.android.support:viewpager:28.0.0] AndroidManifest.xml:17:1-22:12
MERGED from [com.android.support:coordinatorlayout:28.0.0] AndroidManifest.xml:17:1-22:12
MERGED from [com.android.support:drawerlayout:28.0.0] AndroidManifest.xml:17:1-22:12
MERGED from [com.android.support:slidingpanelayout:28.0.0] AndroidManifest.xml:17:1-22:12
MERGED from [com.android.support:customview:28.0.0] AndroidManifest.xml:17:1-22:12
MERGED from [com.android.support:swiperefreshlayout:28.0.0] AndroidManifest.xml:17:1-22:12
MERGED from [com.android.support:asynclayoutinflater:28.0.0] AndroidManifest.xml:17:1-22:12
MERGED from [com.android.support:support-compat:28.0.0] AndroidManifest.xml:17:1-24:12
MERGED from [com.android.support:versionedparcelable:28.0.0] AndroidManifest.xml:17:1-25:12
MERGED from [android.arch.lifecycle:runtime:1.1.1] AndroidManifest.xml:17:1-22:12
MERGED from [com.android.support:documentfile:28.0.0] AndroidManifest.xml:17:1-22:12
MERGED from [com.android.support:localbroadcastmanager:28.0.0] AndroidManifest.xml:17:1-22:12
MERGED from [com.android.support:print:28.0.0] AndroidManifest.xml:17:1-22:12
MERGED from [com.android.support:interpolator:28.0.0] AndroidManifest.xml:17:1-22:12
MERGED from [com.android.support:cursoradapter:28.0.0] AndroidManifest.xml:17:1-22:12
MERGED from [android.arch.lifecycle:viewmodel:1.1.1] AndroidManifest.xml:17:1-22:12
MERGED from [android.arch.lifecycle:livedata:1.1.1] AndroidManifest.xml:17:1-22:12
MERGED from [android.arch.lifecycle:livedata-core:1.1.1] AndroidManifest.xml:17:1-22:12
MERGED from [android.arch.core:runtime:1.1.1] AndroidManifest.xml:17:1-22:12
INJECTED from src\main\AndroidManifest.xml:2:1-569:12
INJECTED from src\main\AndroidManifest.xml:2:1-569:12
INJECTED from src\main\AndroidManifest.xml:2:1-569:12
	package
		ADDED from src\main\AndroidManifest.xml:3:5-23
		INJECTED from src\main\AndroidManifest.xml
		INJECTED from src\main\AndroidManifest.xml
	android:versionName
		ADDED from src\main\AndroidManifest.xml:6:5-31
		INJECTED from src\main\AndroidManifest.xml
		INJECTED from src\main\AndroidManifest.xml
	xmlns:android
		ADDED from src\main\AndroidManifest.xml:2:11-69
	android:versionCode
		ADDED from src\main\AndroidManifest.xml:5:5-28
		INJECTED from src\main\AndroidManifest.xml
		INJECTED from src\main\AndroidManifest.xml
	android:installLocation
		ADDED from src\main\AndroidManifest.xml:4:5-43
uses-permission#android.permission.SYSTEM_OVERLAY_WINDOW
ADDED from src\main\AndroidManifest.xml:8:5-80
	android:name
		ADDED from src\main\AndroidManifest.xml:8:22-77
uses-permission#android.permission.SYSTEM_ALERT_WINDOW
ADDED from src\main\AndroidManifest.xml:9:5-78
	android:name
		ADDED from src\main\AndroidManifest.xml:9:22-75
uses-permission#android.permission.READ_EXTERNAL_STORAGE
ADDED from src\main\AndroidManifest.xml:12:5-80
	android:name
		ADDED from src\main\AndroidManifest.xml:12:22-77
uses-permission#android.permission.WRITE_EXTERNAL_STORAGE
ADDED from src\main\AndroidManifest.xml:13:5-81
	android:name
		ADDED from src\main\AndroidManifest.xml:13:22-78
uses-permission#android.permission.GET_TASKS
ADDED from src\main\AndroidManifest.xml:14:5-68
	android:name
		ADDED from src\main\AndroidManifest.xml:14:22-65
uses-permission#android.permission.RESTART_PACKAGES
ADDED from src\main\AndroidManifest.xml:15:5-75
	android:name
		ADDED from src\main\AndroidManifest.xml:15:22-72
uses-permission#android.permission.READ_CONTACTS
ADDED from src\main\AndroidManifest.xml:16:5-72
	android:name
		ADDED from src\main\AndroidManifest.xml:16:22-69
uses-permission#android.permission.VIBRATE
ADDED from src\main\AndroidManifest.xml:17:5-66
	android:name
		ADDED from src\main\AndroidManifest.xml:17:22-63
uses-permission#android.permission.ACCESS_COARSE_LOCATION
ADDED from src\main\AndroidManifest.xml:18:5-81
	android:name
		ADDED from src\main\AndroidManifest.xml:18:22-78
uses-permission#android.permission.ACCESS_FINE_LOCATION
ADDED from src\main\AndroidManifest.xml:19:5-79
	android:name
		ADDED from src\main\AndroidManifest.xml:19:22-76
uses-permission#android.permission.ACCESS_WIFI_STATE
ADDED from src\main\AndroidManifest.xml:20:5-76
	android:name
		ADDED from src\main\AndroidManifest.xml:20:22-73
uses-permission#android.permission.ACCESS_NETWORK_STATE
ADDED from src\main\AndroidManifest.xml:21:5-79
	android:name
		ADDED from src\main\AndroidManifest.xml:21:22-76
uses-permission#android.permission.CHANGE_WIFI_STATE
ADDED from src\main\AndroidManifest.xml:22:5-76
	android:name
		ADDED from src\main\AndroidManifest.xml:22:22-73
uses-permission#android.permission.READ_PHONE_STATE
ADDED from src\main\AndroidManifest.xml:23:5-75
	android:name
		ADDED from src\main\AndroidManifest.xml:23:22-72
uses-permission#android.permission.INTERNET
ADDED from src\main\AndroidManifest.xml:24:5-67
	android:name
		ADDED from src\main\AndroidManifest.xml:24:22-64
uses-permission#android.permission.CALL_PHONE
ADDED from src\main\AndroidManifest.xml:25:5-69
	android:name
		ADDED from src\main\AndroidManifest.xml:25:22-66
uses-permission#android.permission.CAMERA
ADDED from src\main\AndroidManifest.xml:26:5-65
	android:name
		ADDED from src\main\AndroidManifest.xml:26:22-62
uses-permission#android.permission.RECEIVE_BOOT_COMPLETED
ADDED from src\main\AndroidManifest.xml:27:5-81
	android:name
		ADDED from src\main\AndroidManifest.xml:27:22-78
uses-feature#android.hardware.camera
ADDED from src\main\AndroidManifest.xml:29:5-60
	android:name
		ADDED from src\main\AndroidManifest.xml:29:19-57
uses-feature#android.hardware.camera.autofocus
ADDED from src\main\AndroidManifest.xml:30:5-70
	android:name
		ADDED from src\main\AndroidManifest.xml:30:19-67
uses-permission#android.permission.FLASHLIGHT
ADDED from src\main\AndroidManifest.xml:32:5-69
	android:name
		ADDED from src\main\AndroidManifest.xml:32:22-66
uses-permission#android.permission.WAKE_LOCK
ADDED from src\main\AndroidManifest.xml:33:5-68
	android:name
		ADDED from src\main\AndroidManifest.xml:33:22-65
application
ADDED from src\main\AndroidManifest.xml:35:5-567:19
MERGED from [com.android.support:support-compat:28.0.0] AndroidManifest.xml:22:5-94
MERGED from [com.android.support:support-compat:28.0.0] AndroidManifest.xml:22:5-94
MERGED from [com.android.support:versionedparcelable:28.0.0] AndroidManifest.xml:22:5-23:19
MERGED from [com.android.support:versionedparcelable:28.0.0] AndroidManifest.xml:22:5-23:19
	android:appComponentFactory
		ADDED from [com.android.support:support-compat:28.0.0] AndroidManifest.xml:22:18-91
	android:label
		ADDED from src\main\AndroidManifest.xml:37:9-41
	android:persistent
		ADDED from src\main\AndroidManifest.xml:38:9-34
	android:icon
		ADDED from src\main\AndroidManifest.xml:36:9-38
	android:theme
		ADDED from src\main\AndroidManifest.xml:39:9-40
meta-data#com.baidu.lbsapi.API_KEY
ADDED from src\main\AndroidManifest.xml:40:9-42:64
	android:value
		ADDED from src\main\AndroidManifest.xml:42:13-61
	android:name
		ADDED from src\main\AndroidManifest.xml:41:13-52
activity#com.kdg6.activity.load.LoadingActivity
ADDED from src\main\AndroidManifest.xml:44:9-54:20
	android:screenOrientation
		ADDED from src\main\AndroidManifest.xml:48:13-49
	android:label
		ADDED from src\main\AndroidManifest.xml:47:13-45
	android:icon
		ADDED from src\main\AndroidManifest.xml:46:13-42
	android:name
		ADDED from src\main\AndroidManifest.xml:45:13-66
intent-filter#action:name:android.intent.action.MAIN+category:name:android.intent.category.LAUNCHER
ADDED from src\main\AndroidManifest.xml:49:13-53:29
action#android.intent.action.MAIN
ADDED from src\main\AndroidManifest.xml:50:17-69
	android:name
		ADDED from src\main\AndroidManifest.xml:50:25-66
category#android.intent.category.LAUNCHER
ADDED from src\main\AndroidManifest.xml:52:17-77
	android:name
		ADDED from src\main\AndroidManifest.xml:52:27-74
activity#com.kdg6.activity.util.DataFilterActivity
ADDED from src\main\AndroidManifest.xml:55:9-57:52
	android:screenOrientation
		ADDED from src\main\AndroidManifest.xml:57:13-49
	android:name
		ADDED from src\main\AndroidManifest.xml:56:13-69
activity#com.kdg6.activity.util.ImgPz
ADDED from src\main\AndroidManifest.xml:58:9-60:52
	android:screenOrientation
		ADDED from src\main\AndroidManifest.xml:60:13-49
	android:name
		ADDED from src\main\AndroidManifest.xml:59:13-56
activity#com.kdg6.activity.util.ImgChoose
ADDED from src\main\AndroidManifest.xml:61:9-63:52
	android:screenOrientation
		ADDED from src\main\AndroidManifest.xml:63:13-49
	android:name
		ADDED from src\main\AndroidManifest.xml:62:13-60
activity#com.kdg6.activity.util.ImagePagerActivity
ADDED from src\main\AndroidManifest.xml:64:9-66:52
	android:screenOrientation
		ADDED from src\main\AndroidManifest.xml:66:13-49
	android:name
		ADDED from src\main\AndroidManifest.xml:65:13-69
activity#com.kdg6.activity.util.ImgChoosePage
ADDED from src\main\AndroidManifest.xml:67:9-69:52
	android:screenOrientation
		ADDED from src\main\AndroidManifest.xml:69:13-49
	android:name
		ADDED from src\main\AndroidManifest.xml:68:13-64
activity#com.kdg6.activity.login.LoginActivity
ADDED from src\main\AndroidManifest.xml:70:9-73:52
	android:screenOrientation
		ADDED from src\main\AndroidManifest.xml:73:13-49
	android:launchMode
		ADDED from src\main\AndroidManifest.xml:72:13-44
	android:name
		ADDED from src\main\AndroidManifest.xml:71:13-65
activity#com.kdg6.activity.js.FyqrActivity
ADDED from src\main\AndroidManifest.xml:74:9-77:52
	android:screenOrientation
		ADDED from src\main\AndroidManifest.xml:77:13-49
	android:launchMode
		ADDED from src\main\AndroidManifest.xml:76:13-44
	android:name
		ADDED from src\main\AndroidManifest.xml:75:13-61
activity#com.kdg6.activity.js.FyqrCompleteActivity
ADDED from src\main\AndroidManifest.xml:78:9-81:52
	android:screenOrientation
		ADDED from src\main\AndroidManifest.xml:81:13-49
	android:launchMode
		ADDED from src\main\AndroidManifest.xml:80:13-44
	android:name
		ADDED from src\main\AndroidManifest.xml:79:13-69
activity#com.kdg6.activity.w.ChangePasswordActivity
ADDED from src\main\AndroidManifest.xml:82:9-85:52
	android:screenOrientation
		ADDED from src\main\AndroidManifest.xml:85:13-49
	android:launchMode
		ADDED from src\main\AndroidManifest.xml:84:13-44
	android:name
		ADDED from src\main\AndroidManifest.xml:83:13-70
activity#com.kdg6.activity.esp.AddPartsAdd
ADDED from src\main\AndroidManifest.xml:86:9-88:52
	android:screenOrientation
		ADDED from src\main\AndroidManifest.xml:88:13-49
	android:name
		ADDED from src\main\AndroidManifest.xml:87:13-61
activity#com.kdg6.activity.esp.ChoosePjlx
ADDED from src\main\AndroidManifest.xml:89:9-91:52
	android:screenOrientation
		ADDED from src\main\AndroidManifest.xml:91:13-49
	android:name
		ADDED from src\main\AndroidManifest.xml:90:13-60
activity#com.kdg6.activity.esp.AddParts
ADDED from src\main\AndroidManifest.xml:92:9-95:52
	android:screenOrientation
		ADDED from src\main\AndroidManifest.xml:95:13-49
	android:configChanges
		ADDED from src\main\AndroidManifest.xml:94:13-63
	android:name
		ADDED from src\main\AndroidManifest.xml:93:13-58
activity#com.kdg6.activity.js.YingShouKuanList
ADDED from src\main\AndroidManifest.xml:96:9-99:52
	android:screenOrientation
		ADDED from src\main\AndroidManifest.xml:99:13-49
	android:launchMode
		ADDED from src\main\AndroidManifest.xml:98:13-44
	android:name
		ADDED from src\main\AndroidManifest.xml:97:13-65
activity#com.kdg6.activity.js.LiuShuiZhanglist
ADDED from src\main\AndroidManifest.xml:100:9-103:52
	android:screenOrientation
		ADDED from src\main\AndroidManifest.xml:103:13-49
	android:launchMode
		ADDED from src\main\AndroidManifest.xml:102:13-44
	android:name
		ADDED from src\main\AndroidManifest.xml:101:13-65
activity#com.kdg6.activity.js.LiuShuiZhangActivity
ADDED from src\main\AndroidManifest.xml:104:9-107:52
	android:screenOrientation
		ADDED from src\main\AndroidManifest.xml:107:13-49
	android:launchMode
		ADDED from src\main\AndroidManifest.xml:106:13-44
	android:name
		ADDED from src\main\AndroidManifest.xml:105:13-69
activity#com.kdg6.activity.register.RegisterActivity
ADDED from src\main\AndroidManifest.xml:110:9-113:52
	android:screenOrientation
		ADDED from src\main\AndroidManifest.xml:113:13-49
	android:configChanges
		ADDED from src\main\AndroidManifest.xml:112:13-63
	android:name
		ADDED from src\main\AndroidManifest.xml:111:13-71
activity#com.kdg6.activity.util.BaiduMapActivity
ADDED from src\main\AndroidManifest.xml:114:9-117:52
	android:screenOrientation
		ADDED from src\main\AndroidManifest.xml:117:13-49
	android:configChanges
		ADDED from src\main\AndroidManifest.xml:116:13-63
	android:name
		ADDED from src\main\AndroidManifest.xml:115:13-67
activity#com.kdg6.activity.register.RegisterConfirmActivity
ADDED from src\main\AndroidManifest.xml:118:9-121:52
	android:screenOrientation
		ADDED from src\main\AndroidManifest.xml:121:13-49
	android:configChanges
		ADDED from src\main\AndroidManifest.xml:120:13-63
	android:name
		ADDED from src\main\AndroidManifest.xml:119:13-78
activity#com.kdg6.activity.register.RegisterAgreeActivity
ADDED from src\main\AndroidManifest.xml:122:9-125:52
	android:screenOrientation
		ADDED from src\main\AndroidManifest.xml:125:13-49
	android:configChanges
		ADDED from src\main\AndroidManifest.xml:124:13-63
	android:name
		ADDED from src\main\AndroidManifest.xml:123:13-76
activity#com.kdg6.activity.register.RegisterCompleteActivity
ADDED from src\main\AndroidManifest.xml:126:9-129:52
	android:screenOrientation
		ADDED from src\main\AndroidManifest.xml:129:13-49
	android:configChanges
		ADDED from src\main\AndroidManifest.xml:128:13-63
	android:name
		ADDED from src\main\AndroidManifest.xml:127:13-79
activity#com.kdg6.activity.esp.ChooseActivity
ADDED from src\main\AndroidManifest.xml:130:9-134:20
	android:screenOrientation
		ADDED from src\main\AndroidManifest.xml:133:13-49
	android:configChanges
		ADDED from src\main\AndroidManifest.xml:132:13-63
	android:name
		ADDED from src\main\AndroidManifest.xml:131:13-64
activity#com.kdg6.activity.kc.KccxActivity
ADDED from src\main\AndroidManifest.xml:135:9-139:20
	android:screenOrientation
		ADDED from src\main\AndroidManifest.xml:138:13-49
	android:configChanges
		ADDED from src\main\AndroidManifest.xml:137:13-63
	android:name
		ADDED from src\main\AndroidManifest.xml:136:13-61
activity#com.kdg6.activity.kc.ThcxShowActivity
ADDED from src\main\AndroidManifest.xml:140:9-144:20
	android:screenOrientation
		ADDED from src\main\AndroidManifest.xml:143:13-49
	android:configChanges
		ADDED from src\main\AndroidManifest.xml:142:13-63
	android:name
		ADDED from src\main\AndroidManifest.xml:141:13-65
activity#com.kdg6.activity.kc.KcpdActivity
ADDED from src\main\AndroidManifest.xml:145:9-149:20
	android:screenOrientation
		ADDED from src\main\AndroidManifest.xml:148:13-49
	android:configChanges
		ADDED from src\main\AndroidManifest.xml:147:13-63
	android:name
		ADDED from src\main\AndroidManifest.xml:146:13-61
activity#com.kdg6.activity.kc.WbdbrkListActivity
ADDED from src\main\AndroidManifest.xml:150:9-154:20
	android:screenOrientation
		ADDED from src\main\AndroidManifest.xml:153:13-49
	android:configChanges
		ADDED from src\main\AndroidManifest.xml:152:13-63
	android:name
		ADDED from src\main\AndroidManifest.xml:151:13-67
activity#com.kdg6.activity.kc.WbdbrkActivity
ADDED from src\main\AndroidManifest.xml:155:9-159:20
	android:screenOrientation
		ADDED from src\main\AndroidManifest.xml:158:13-49
	android:configChanges
		ADDED from src\main\AndroidManifest.xml:157:13-63
	android:name
		ADDED from src\main\AndroidManifest.xml:156:13-63
activity#com.kdg6.activity.kc.KcxxActivity
ADDED from src\main\AndroidManifest.xml:160:9-164:20
	android:screenOrientation
		ADDED from src\main\AndroidManifest.xml:163:13-49
	android:configChanges
		ADDED from src\main\AndroidManifest.xml:162:13-63
	android:name
		ADDED from src\main\AndroidManifest.xml:161:13-61
activity#com.kdg6.activity.kc.KcxxShowActivity
ADDED from src\main\AndroidManifest.xml:165:9-169:20
	android:screenOrientation
		ADDED from src\main\AndroidManifest.xml:168:13-49
	android:configChanges
		ADDED from src\main\AndroidManifest.xml:167:13-63
	android:name
		ADDED from src\main\AndroidManifest.xml:166:13-65
activity#com.kdg6.activity.kc.SqdcxkListActivity
ADDED from src\main\AndroidManifest.xml:170:9-174:20
	android:screenOrientation
		ADDED from src\main\AndroidManifest.xml:173:13-49
	android:configChanges
		ADDED from src\main\AndroidManifest.xml:172:13-63
	android:name
		ADDED from src\main\AndroidManifest.xml:171:13-67
activity#com.kdg6.activity.kc.SqdShowActivity
ADDED from src\main\AndroidManifest.xml:175:9-179:20
	android:screenOrientation
		ADDED from src\main\AndroidManifest.xml:178:13-49
	android:configChanges
		ADDED from src\main\AndroidManifest.xml:177:13-63
	android:name
		ADDED from src\main\AndroidManifest.xml:176:13-64
activity#com.kdg6.activity.kc.KccxShowActivity
ADDED from src\main\AndroidManifest.xml:180:9-184:20
	android:screenOrientation
		ADDED from src\main\AndroidManifest.xml:183:13-49
	android:configChanges
		ADDED from src\main\AndroidManifest.xml:182:13-63
	android:name
		ADDED from src\main\AndroidManifest.xml:181:13-65
activity#com.kdg6.activity.kc.WbdbckActivity
ADDED from src\main\AndroidManifest.xml:185:9-189:20
	android:screenOrientation
		ADDED from src\main\AndroidManifest.xml:188:13-49
	android:configChanges
		ADDED from src\main\AndroidManifest.xml:187:13-63
	android:name
		ADDED from src\main\AndroidManifest.xml:186:13-63
activity#com.kdg6.activity.kc.SqdActivity
ADDED from src\main\AndroidManifest.xml:190:9-194:20
	android:screenOrientation
		ADDED from src\main\AndroidManifest.xml:193:13-49
	android:configChanges
		ADDED from src\main\AndroidManifest.xml:192:13-63
	android:name
		ADDED from src\main\AndroidManifest.xml:191:13-60
activity#com.kdg6.activity.kc.SqdMxActivity
ADDED from src\main\AndroidManifest.xml:195:9-199:20
	android:screenOrientation
		ADDED from src\main\AndroidManifest.xml:198:13-49
	android:configChanges
		ADDED from src\main\AndroidManifest.xml:197:13-63
	android:name
		ADDED from src\main\AndroidManifest.xml:196:13-62
activity#com.kdg6.activity.kc.WbdbckMxActivity
ADDED from src\main\AndroidManifest.xml:200:9-204:20
	android:screenOrientation
		ADDED from src\main\AndroidManifest.xml:203:13-49
	android:configChanges
		ADDED from src\main\AndroidManifest.xml:202:13-63
	android:name
		ADDED from src\main\AndroidManifest.xml:201:13-65
activity#com.kdg6.activity.kc.PjfkMxActivity
ADDED from src\main\AndroidManifest.xml:205:9-209:20
	android:screenOrientation
		ADDED from src\main\AndroidManifest.xml:208:13-49
	android:configChanges
		ADDED from src\main\AndroidManifest.xml:207:13-63
	android:name
		ADDED from src\main\AndroidManifest.xml:206:13-63
activity#com.kdg6.activity.main.MainActivity
ADDED from src\main\AndroidManifest.xml:210:9-214:20
	android:screenOrientation
		ADDED from src\main\AndroidManifest.xml:213:13-49
	android:configChanges
		ADDED from src\main\AndroidManifest.xml:212:13-63
	android:name
		ADDED from src\main\AndroidManifest.xml:211:13-63
activity#com.kdg6.activity.kdg.ListKdg
ADDED from src\main\AndroidManifest.xml:215:9-219:20
	android:screenOrientation
		ADDED from src\main\AndroidManifest.xml:218:13-49
	android:configChanges
		ADDED from src\main\AndroidManifest.xml:217:13-63
	android:name
		ADDED from src\main\AndroidManifest.xml:216:13-57
activity#com.kdg6.activity.kdg.JdxyKdg
ADDED from src\main\AndroidManifest.xml:220:9-224:20
	android:screenOrientation
		ADDED from src\main\AndroidManifest.xml:223:13-49
	android:configChanges
		ADDED from src\main\AndroidManifest.xml:222:13-63
	android:name
		ADDED from src\main\AndroidManifest.xml:221:13-57
activity#com.kdg6.activity.kdg.SmdwKdgWx
ADDED from src\main\AndroidManifest.xml:225:9-229:20
	android:screenOrientation
		ADDED from src\main\AndroidManifest.xml:228:13-49
	android:configChanges
		ADDED from src\main\AndroidManifest.xml:227:13-63
	android:name
		ADDED from src\main\AndroidManifest.xml:226:13-59
activity#com.kdg6.activity.kdg.GjxxActivity
ADDED from src\main\AndroidManifest.xml:230:9-234:20
	android:screenOrientation
		ADDED from src\main\AndroidManifest.xml:233:13-49
	android:configChanges
		ADDED from src\main\AndroidManifest.xml:232:13-63
	android:name
		ADDED from src\main\AndroidManifest.xml:231:13-62
activity#com.kdg6.activity.kdg.FwbgKdgWx
ADDED from src\main\AndroidManifest.xml:235:9-239:20
	android:screenOrientation
		ADDED from src\main\AndroidManifest.xml:238:13-49
	android:configChanges
		ADDED from src\main\AndroidManifest.xml:237:13-63
	android:name
		ADDED from src\main\AndroidManifest.xml:236:13-59
activity#com.kdg6.activity.kdg.JdxyKdgWx
ADDED from src\main\AndroidManifest.xml:240:9-244:20
	android:screenOrientation
		ADDED from src\main\AndroidManifest.xml:243:13-49
	android:configChanges
		ADDED from src\main\AndroidManifest.xml:242:13-63
	android:name
		ADDED from src\main\AndroidManifest.xml:241:13-59
activity#com.kdg6.activity.kdg.FwbgKdg
ADDED from src\main\AndroidManifest.xml:245:9-249:20
	android:screenOrientation
		ADDED from src\main\AndroidManifest.xml:248:13-49
	android:configChanges
		ADDED from src\main\AndroidManifest.xml:247:13-63
	android:name
		ADDED from src\main\AndroidManifest.xml:246:13-57
activity#com.kdg6.activity.kdg.FwbgXgKdg
ADDED from src\main\AndroidManifest.xml:250:9-254:20
	android:screenOrientation
		ADDED from src\main\AndroidManifest.xml:253:13-49
	android:configChanges
		ADDED from src\main\AndroidManifest.xml:252:13-63
	android:name
		ADDED from src\main\AndroidManifest.xml:251:13-59
activity#com.kdg6.activity.kdg.SmdwKdg
ADDED from src\main\AndroidManifest.xml:255:9-259:20
	android:screenOrientation
		ADDED from src\main\AndroidManifest.xml:258:13-49
	android:configChanges
		ADDED from src\main\AndroidManifest.xml:257:13-63
	android:name
		ADDED from src\main\AndroidManifest.xml:256:13-57
activity#com.kdg6.activity.kdg.JqgdcxKdg
ADDED from src\main\AndroidManifest.xml:260:9-264:20
	android:screenOrientation
		ADDED from src\main\AndroidManifest.xml:263:13-49
	android:configChanges
		ADDED from src\main\AndroidManifest.xml:262:13-63
	android:name
		ADDED from src\main\AndroidManifest.xml:261:13-59
activity#com.kdg6.activity.kdg.JqgdcxShowKdg
ADDED from src\main\AndroidManifest.xml:265:9-269:20
	android:screenOrientation
		ADDED from src\main\AndroidManifest.xml:268:13-49
	android:configChanges
		ADDED from src\main\AndroidManifest.xml:267:13-63
	android:name
		ADDED from src\main\AndroidManifest.xml:266:13-63
activity#com.kdg6.activity.kdg.CsgdcxShowKdg
ADDED from src\main\AndroidManifest.xml:270:9-274:20
	android:screenOrientation
		ADDED from src\main\AndroidManifest.xml:273:13-49
	android:configChanges
		ADDED from src\main\AndroidManifest.xml:272:13-63
	android:name
		ADDED from src\main\AndroidManifest.xml:271:13-63
activity#com.kdg6.activity.kdg.SbxxlrKdg
ADDED from src\main\AndroidManifest.xml:275:9-279:20
	android:screenOrientation
		ADDED from src\main\AndroidManifest.xml:278:13-49
	android:configChanges
		ADDED from src\main\AndroidManifest.xml:277:13-63
	android:name
		ADDED from src\main\AndroidManifest.xml:276:13-59
activity#com.kdg6.activity.kdg.JdxyXj
ADDED from src\main\AndroidManifest.xml:280:9-284:20
	android:screenOrientation
		ADDED from src\main\AndroidManifest.xml:283:13-49
	android:configChanges
		ADDED from src\main\AndroidManifest.xml:282:13-63
	android:name
		ADDED from src\main\AndroidManifest.xml:281:13-56
activity#com.kdg6.activity.kdg.SmdwXj
ADDED from src\main\AndroidManifest.xml:285:9-289:20
	android:screenOrientation
		ADDED from src\main\AndroidManifest.xml:288:13-49
	android:configChanges
		ADDED from src\main\AndroidManifest.xml:287:13-63
	android:name
		ADDED from src\main\AndroidManifest.xml:286:13-56
activity#com.kdg6.activity.kdg.ZzzpKdgWx
ADDED from src\main\AndroidManifest.xml:290:9-294:20
	android:screenOrientation
		ADDED from src\main\AndroidManifest.xml:293:13-49
	android:configChanges
		ADDED from src\main\AndroidManifest.xml:292:13-63
	android:name
		ADDED from src\main\AndroidManifest.xml:291:13-59
activity#com.kdg6.activity.kdg.FwbgXgKdgWx
ADDED from src\main\AndroidManifest.xml:295:9-299:20
	android:screenOrientation
		ADDED from src\main\AndroidManifest.xml:298:13-49
	android:configChanges
		ADDED from src\main\AndroidManifest.xml:297:13-63
	android:name
		ADDED from src\main\AndroidManifest.xml:296:13-61
activity#com.kdg6.activity.kdg.FwbgXj
ADDED from src\main\AndroidManifest.xml:300:9-304:20
	android:screenOrientation
		ADDED from src\main\AndroidManifest.xml:303:13-49
	android:configChanges
		ADDED from src\main\AndroidManifest.xml:302:13-63
	android:name
		ADDED from src\main\AndroidManifest.xml:301:13-56
activity#com.kdg6.activity.kdg.FwbgXgXj
ADDED from src\main\AndroidManifest.xml:305:9-309:20
	android:screenOrientation
		ADDED from src\main\AndroidManifest.xml:308:13-49
	android:configChanges
		ADDED from src\main\AndroidManifest.xml:307:13-63
	android:name
		ADDED from src\main\AndroidManifest.xml:306:13-58
activity#com.kdg6.activity.kdg.SelectZfg
ADDED from src\main\AndroidManifest.xml:310:9-314:20
	android:screenOrientation
		ADDED from src\main\AndroidManifest.xml:313:13-49
	android:configChanges
		ADDED from src\main\AndroidManifest.xml:312:13-63
	android:name
		ADDED from src\main\AndroidManifest.xml:311:13-59
activity#com.kdg6.activity.kdg.DhjcKdg
ADDED from src\main\AndroidManifest.xml:315:9-319:20
	android:screenOrientation
		ADDED from src\main\AndroidManifest.xml:318:13-49
	android:configChanges
		ADDED from src\main\AndroidManifest.xml:317:13-63
	android:name
		ADDED from src\main\AndroidManifest.xml:316:13-57
activity#com.kdg6.activity.kdg.ZskActivity
ADDED from src\main\AndroidManifest.xml:320:9-324:20
	android:screenOrientation
		ADDED from src\main\AndroidManifest.xml:323:13-49
	android:configChanges
		ADDED from src\main\AndroidManifest.xml:322:13-63
	android:name
		ADDED from src\main\AndroidManifest.xml:321:13-61
activity#com.kdg6.activity.kdg.ZskList
ADDED from src\main\AndroidManifest.xml:325:9-329:20
	android:screenOrientation
		ADDED from src\main\AndroidManifest.xml:328:13-49
	android:configChanges
		ADDED from src\main\AndroidManifest.xml:327:13-63
	android:name
		ADDED from src\main\AndroidManifest.xml:326:13-57
activity#com.kdg6.activity.kdg.GzzskList
ADDED from src\main\AndroidManifest.xml:330:9-334:20
	android:screenOrientation
		ADDED from src\main\AndroidManifest.xml:333:13-49
	android:configChanges
		ADDED from src\main\AndroidManifest.xml:332:13-63
	android:name
		ADDED from src\main\AndroidManifest.xml:331:13-59
activity#com.kdg6.activity.kdg.GzdwKdgWx
ADDED from src\main\AndroidManifest.xml:335:9-339:20
	android:screenOrientation
		ADDED from src\main\AndroidManifest.xml:338:13-49
	android:configChanges
		ADDED from src\main\AndroidManifest.xml:337:13-63
	android:name
		ADDED from src\main\AndroidManifest.xml:336:13-59
activity#com.kdg6.activity.kdg.ZcdjQuery
ADDED from src\main\AndroidManifest.xml:340:9-344:20
	android:screenOrientation
		ADDED from src\main\AndroidManifest.xml:343:13-49
	android:configChanges
		ADDED from src\main\AndroidManifest.xml:342:13-63
	android:name
		ADDED from src\main\AndroidManifest.xml:341:13-59
activity#com.kdg6.activity.kdg.ZcdjList
ADDED from src\main\AndroidManifest.xml:345:9-349:20
	android:screenOrientation
		ADDED from src\main\AndroidManifest.xml:348:13-49
	android:configChanges
		ADDED from src\main\AndroidManifest.xml:347:13-63
	android:name
		ADDED from src\main\AndroidManifest.xml:346:13-58
activity#com.kdg6.activity.kdg.ZcdjSbList
ADDED from src\main\AndroidManifest.xml:350:9-354:20
	android:screenOrientation
		ADDED from src\main\AndroidManifest.xml:353:13-49
	android:configChanges
		ADDED from src\main\AndroidManifest.xml:352:13-63
	android:name
		ADDED from src\main\AndroidManifest.xml:351:13-60
activity#com.kdg6.activity.kdg.ZcdjInfo
ADDED from src\main\AndroidManifest.xml:355:9-359:20
	android:screenOrientation
		ADDED from src\main\AndroidManifest.xml:358:13-49
	android:configChanges
		ADDED from src\main\AndroidManifest.xml:357:13-63
	android:name
		ADDED from src\main\AndroidManifest.xml:356:13-58
activity#com.kdg6.activity.kdg.SbxxpdActivity
ADDED from src\main\AndroidManifest.xml:360:9-364:20
	android:screenOrientation
		ADDED from src\main\AndroidManifest.xml:363:13-49
	android:configChanges
		ADDED from src\main\AndroidManifest.xml:362:13-63
	android:name
		ADDED from src\main\AndroidManifest.xml:361:13-64
activity#com.kdg6.activity.kdg.XddwJd
ADDED from src\main\AndroidManifest.xml:365:9-369:20
	android:screenOrientation
		ADDED from src\main\AndroidManifest.xml:368:13-49
	android:configChanges
		ADDED from src\main\AndroidManifest.xml:367:13-63
	android:name
		ADDED from src\main\AndroidManifest.xml:366:13-56
activity#com.kdg6.activity.w.Fwzxscx
ADDED from src\main\AndroidManifest.xml:370:9-374:20
	android:screenOrientation
		ADDED from src\main\AndroidManifest.xml:373:13-49
	android:configChanges
		ADDED from src\main\AndroidManifest.xml:372:13-63
	android:name
		ADDED from src\main\AndroidManifest.xml:371:13-55
activity#com.kdg6.activity.w.FwzxscxList
ADDED from src\main\AndroidManifest.xml:375:9-379:20